1609722840017828773 	 7374421476721609157	SCH       SELL NEW                107.77       5
1609722840017828773 	 7374421476721608379	SCH       SELL NEW                107.86       1
1609722840017828773 	 7374421476721609158	SCH       SELL NEW                107.87       4
1609722840017828773 	 7374421476721607787	SCH       SELL NEW                107.88       1
1609722840017828773 	 7372546259650238577	SCH       SELL NEW                 107.9      30
1609722840017828773 	 7372151260092942342	SCH       SELL NEW                 108.0       1
1609722840017828773 	 7374421476721607495	SCH       SELL NEW                 108.0       1
1609722840017828773 	 7374421476721609215	SCH       SELL NEW                108.01      20
1609722840017828773 	 7374421476721609159	SCH       SELL NEW                108.03       4
1609722840017828773 	 7374421476721609226	SCH       SELL NEW                108.03      20
1609722840017828773 	 7374421476721609160	SCH       SELL NEW                108.14       4
1609722840017828773 	 7374421476721607486	SCH       SELL NEW                 108.2       2
1609722840017828773 	 7374421476721609377	SCH       SELL NEW                108.32       2
1609722840017828773 	 7374421476721609390	SCH       SELL NEW                108.32       5
1609722840017828773 	 7374421476721607490	SCH       SELL NEW                 108.5       1
1609722840017828773 	 7374421476721607491	SCH       SELL NEW                 108.5       1
1609722840017828773 	 7374421476721607493	SCH       SELL NEW                 108.5       1
1609722840017828773 	 7374421476721607494	SCH       SELL NEW                 108.5       1
1609722840017828773 	 7372546259643936153	SCH       SELL NEW                108.85       1
1609722840017828773 	 7371650982300906037	SCH       SELL NEW                108.95       3
1609722840017828773 	 7371650982300134145	SCH       SELL NEW                 109.0       1
1609722840017828773 	 7372151260093977026	SCH       SELL NEW                 109.0       1
1609722840017828773 	 7372942358707151867	SCH       SELL NEW                109.47       1
1609722840017828773 	 7374421476721607805	SCH       SELL NEW                109.68       1
1609722840017828773 	 7374421476721607947	SCH       SELL NEW                 109.8       2
1609722840017828773 	 7372151260092864562	SCH       SELL NEW                 110.0       1
1609722840017828773 	 7374421476721607482	SCH       SELL NEW                110.01       2
1609722840017828773 	 7372151260093983964	SCH       SELL NEW                 111.0       1
1609722840017828773 	 7372151260093992122	SCH       SELL NEW                 112.0       1
1609722840017828773 	 7374421476721607792	SCH       SELL NEW                112.36       1
1609722840017828773 	 7374421476721607480	SCH       SELL NEW                 113.2       2
1609722840017828773 	 7374421476721607479	SCH       SELL NEW                 114.3       2
1609722840017828773 	 7372942358708452361	SCH       SELL NEW                117.18       1
1609722840017828773 	 7374421476721609292	SCH       BUY  NEW                106.99       1
1609722840017850758 	 7374421476721609474	SCH       BUY  NEW                106.99       1
1609722840017850758 	 7374421476721609297	SCH       BUY  NEW                106.88       1
1609722840017850758 	 7374421476721609476	SCH       BUY  NEW                106.86       5
1609722840017850758 	 7374421476721609438	SCH       BUY  NEW                106.85       1
1609722840017850758 	 7374421476721609460	SCH       BUY  NEW                106.81       4
1609722840017850758 	 7372942358707973080	SCH       BUY  NEW                 106.8       1
1609722840017850758 	 7374421476721608978	SCH       BUY  NEW                 106.8       2
1609722840017850758 	 7374421476721609247	SCH       BUY  NEW                106.76       1
1609722840017850758 	 7374421476721609472	SCH       BUY  NEW                106.71       3
1609722840017850758 	 7374421476721608976	SCH       BUY  NEW                 106.7       2
1609722840017850758 	 7374421476721608088	SCH       BUY  NEW                106.62       1
1609722840017850758 	 7374421476721609021	SCH       BUY  NEW                 106.6       2
1609722840017850758 	 7374421476721608313	SCH       BUY  NEW                106.59       1
1609722840017850758 	 7372942358704341050	SCH       BUY  NEW                 106.5       2
1609722840017850758 	 7374421476721609048	SCH       BUY  NEW                 106.5       2
1609722840017850758 	 7374421476721608973	SCH       BUY  NEW                106.45       2
1609722840017850758 	 7374421476721607856	SCH       BUY  NEW                106.42       1
1609722840017850758 	 7374421476721608972	SCH       BUY  NEW                 106.4       2
1609722840017850758 	 7374421476721609180	SCH       BUY  NEW                 106.4       1
1609722840017850758 	 7374421476721608894	SCH       BUY  NEW                106.36      17
1609722840017850758 	 7374421476721609161	SCH       BUY  NEW                106.31       2
1609722840017850758 	 7374421476721608971	SCH       BUY  NEW                 106.3       2
1609722840017850758 	 7374421476721608774	SCH       BUY  NEW                106.26       4
1609722840017850758 	 7372942358707638810	SCH       BUY  NEW                 106.2       1
1609722840017850758 	 7374421476721608787	SCH       BUY  NEW                 106.2       2
1609722840017850758 	 7374421476721608300	SCH       BUY  NEW                106.15       1
1609722840017850758 	 7374421476721609435	SCH       BUY  NEW                106.13       4
1609722840017850758 	 7374421476721608510	SCH       BUY  NEW                106.12       1
1609722840017850758 	 7374421476721608546	SCH       BUY  NEW                 106.1       1
1609722840017850758 	 7374421476721608619	SCH       BUY  NEW                 106.1       4
1609722840017850758 	 7374421476721608755	SCH       BUY  NEW                 106.1       2
1609722840017850758 	 7372546259649365352	SCH       BUY  NEW                 106.0      20
1609722840017850758 	 7374421476721608458	SCH       BUY  NEW                 106.0       1
1609722840017850758 	 7374421476721608613	SCH       BUY  NEW                 106.0       1
1609722840017850758 	 7374421476721608706	SCH       BUY  NEW                 106.0       2
1609722840017850758 	 7374421476721609335	SCH       BUY  NEW                 106.0       1
1609722840017850758 	 7374421476721609429	SCH       BUY  NEW                 106.0       1
1609722840017850758 	 7374421476721608498	SCH       BUY  NEW                105.88       2
1609722840017850758 	 7374421476721608615	SCH       BUY  NEW                105.88       4
1609722840017850758 	 7374421476721608833	SCH       BUY  NEW                 105.8       2
1609722840017850758 	 7374421476721608607	SCH       BUY  NEW                105.78       1
1609722840017850758 	 7374421476721608836	SCH       BUY  NEW                105.78       4
1609722840017850758 	 7374421476721607825	SCH       BUY  NEW                105.75       5
1609722840017850758 	 7374421476721608743	SCH       BUY  NEW                105.75       2
1609722840017850758 	 7374421476721608490	SCH       BUY  NEW                 105.7       2
1609722840017872114 	 7374421476721608173	SCH       BUY  NEW                105.66       1
1609722840017872114 	 7374421476721608944	SCH       BUY  NEW                105.58      40
1609722840017872114 	 7374421476721608563	SCH       BUY  NEW                105.55       2
1609722840017872114 	 7372546259643468082	SCH       BUY  NEW                 105.5       1
1609722840017872114 	 7374421476721607652	SCH       BUY  NEW                 105.5       1
1609722840017872114 	 7374421476721608829	SCH       BUY  NEW                 105.5       2
1609722840017872114 	 7372942358708628802	SCH       BUY  NEW                105.43       3
1609722840017872114 	 7374421476721609455	SCH       BUY  NEW                105.21       1
1609722840017872114 	 7372942358705371643	SCH       BUY  NEW                105.12       1
1609722840017872114 	 7372546259648450583	SCH       BUY  NEW                 105.0       1
1609722840017872114 	 7372151260096415544	SCH       BUY  NEW                 105.0      20
1609722840017872114 	 7374421476721608859	SCH       BUY  NEW                 105.0       2
1609722840017872114 	 7374421476721607866	SCH       BUY  NEW                104.83       1
1609722840017872114 	 7372546259649254570	SCH       BUY  NEW                104.66       1
1609722840017872114 	 7374421476721607806	SCH       BUY  NEW                104.34       1
1609722840017872114 	 7374421476721608055	SCH       BUY  NEW                104.32       1
1609722840017872114 	 7372151260094170820	SCH       BUY  NEW                104.25       1
1609722840017872114 	 7372151260094111467	SCH       BUY  NEW                104.24       5
1609722840017872114 	 7372151260094171332	SCH       BUY  NEW                104.15       1
1609722840017872114 	 7372151260094172563	SCH       BUY  NEW                104.05       1
1609722840017872114 	 7372151260093003445	SCH       BUY  NEW                 104.0       1
1609722840017872114 	 7372151260096416279	SCH       BUY  NEW                 104.0      25
1609722840017872114 	 7372546259647046504	SCH       BUY  NEW                 104.0       1
1609722840017872114 	 7372151260094173537	SCH       BUY  NEW                103.95       1
1609722840017872114 	 7372151260095812119	SCH       BUY  NEW                103.88       1
1609722840017872114 	 7372151260094174174	SCH       BUY  NEW                103.85       1
1609722840017872114 	 7372151260094175056	SCH       BUY  NEW                103.75       1
1609722840017872114 	 7374421476721607503	SCH       BUY  NEW                103.68       1
1609722840017872114 	 7371650982307064387	SCH       BUY  NEW                103.65       1
1609722840017872114 	 7372151260094175547	SCH       BUY  NEW                103.65       1
1609722840017872114 	 7372151260094176062	SCH       BUY  NEW                103.55       1
1609722840017872114 	 7372151260094176596	SCH       BUY  NEW                103.45       1
1609722840017872114 	 7374421476721607504	SCH       BUY  NEW                103.45       1
1609722840017872114 	 7372151260094177107	SCH       BUY  NEW                103.35       1
1609722840017872114 	 7372151260096416798	SCH       BUY  NEW                 103.3      40
1609722840017872114 	 7372151260094179165	SCH       BUY  NEW                103.25       1
1609722840017872114 	 7372151260094181633	SCH       BUY  NEW                103.15       1
1609722840017872114 	 7372151260094182787	SCH       BUY  NEW                103.05       1
1609722840017872114 	 7372151260092983815	SCH       BUY  NEW                 103.0       1
1609722840017872114 	 7372151260094184960	SCH       BUY  NEW                102.95       1
1609722840017872114 	 7369379941037957003	SCH       BUY  NEW                102.85       1
1609722840017872114 	 7369379941037958584	SCH       BUY  NEW                102.75       1
1609722840017872114 	 7374421476721607505	SCH       BUY  NEW                102.68       1
1609722840017872114 	 7366609171730470557	SCH       BUY  NEW                102.65       1
1609722840017872114 	 7366609171730471829	SCH       BUY  NEW                102.55       1
1609722840017888186 	 7374421476721607506	SCH       BUY  NEW                 102.5       1
1609722840017888186 	 7366609171730474504	SCH       BUY  NEW                102.45       1
1609722840017888186 	 7366609171730481457	SCH       BUY  NEW                102.35       1
1609722840017888186 	 7366609171730484559	SCH       BUY  NEW                102.25       1
1609722840017888186 	 7371650982300553196	SCH       BUY  NEW                 102.2      10
1609722840017888186 	 7366609171730490030	SCH       BUY  NEW                102.15       1
1609722840017888186 	 7366609171730491918	SCH       BUY  NEW                102.05       1
1609722840017888186 	 7371650982305506242	SCH       BUY  NEW                 102.0       1
1609722840017888186 	 7374421476721607508	SCH       BUY  NEW                 102.0       1
1609722840017888186 	 7374421476721607920	SCH       BUY  NEW                 102.0       5
1609722840017888186 	 7366609171730505717	SCH       BUY  NEW                101.95       1
1609722840017888186 	 7366609171730509807	SCH       BUY  NEW                101.85       1
1609722840017888186 	 7366609171730511646	SCH       BUY  NEW                101.75       1
1609722840017888186 	 7374421476721607812	SCH       BUY  NEW                101.66       1
1609722840017888186 	 7366609171730513482	SCH       BUY  NEW                101.65       1
1609722840017888186 	 7366609171730515606	SCH       BUY  NEW                101.55       1
1609722840017888186 	 7371650982305813624	SCH       BUY  NEW                 101.5       1
1609722840017888186 	 7366609171730518753	SCH       BUY  NEW                101.45       1
1609722840017888186 	 7369379941036630354	SCH       BUY  NEW                101.26       2
1609722840017888186 	 7371650982305514496	SCH       BUY  NEW                 101.0       1
1609722840017888186 	 7371650982305521879	SCH       BUY  NEW                 100.0       1
1609722840017888186 	 7372942358708716105	SCH       BUY  NEW                 100.0       1
1609722840017888186 	 7374421476721607509	SCH       BUY  NEW                 100.0       1
1609722840017888186 	 7371650982305840739	SCH       BUY  NEW                 92.15       1
1609722900103920167 	 7374421476721614589	SCH       BUY  NEW                106.99       1
1609722900104038026 	 7374421476721614590	SCH       BUY  NEW                106.99       1
1609722900104198080 	 7374421476721614593	SCH       BUY  NEW                106.99       1
1609722900105093623 	 7374421476721609292	SCH       BUY  TRADE              106.99       1
1609722900109933571 	 7374421476721614611	SCH       BUY  NEW                106.99       1
1609722900114594121 	 7374421476721614612	SCH       SELL NEW                108.42       1
1609722900118264718 	 7374421476721609474	SCH       BUY  TRADE              106.99       1
1609722900118264718 	 7374421476721614589	SCH       BUY  TRADE              106.99       1
1609722900118819477 	 7374421476721614590	SCH       BUY  TRADE              106.99       1
1609722900118819477 	 7374421476721614593	SCH       BUY  TRADE              106.99       1
1609722900118819477 	 7374421476721614611	SCH       BUY  TRADE              106.99       1
1609722900119433513 	 7374421476721614621	SCH       BUY  NEW                105.96       3
1609722900119607868 	 7374421476721614622	SCH       SELL NEW                 107.0       1
1609722900119722322 	 7374421476721614623	SCH       BUY  NEW                106.99       1
1609722900119903548 	 7374421476721614626	SCH       BUY  NEW                106.88       1
1609722900119989451 	 7374421476721614622	SCH       SELL CANCEL              107.0       1
1609722900120160925 	 7374421476721614623	SCH       BUY  TRADE              106.99       1
1609722900124335190 	 7374421476721614632	SCH       BUY  NEW                106.99       1
1609722900139077026 	 7374421476721614642	SCH       SELL NEW                109.03       1
1609722900154043043 	 7374421476721614632	SCH       BUY  TRADE              106.99       1
1609722900154350800 	 7374421476721614655	SCH       SELL NEW                 107.0       1
1609722900175852306 	 7374421476721614658	SCH       SELL NEW                107.03       1
1609722900175968714 	 7374421476721614659	SCH       BUY  NEW                106.91       1
1609722900176282959 	 7374421476721614663	SCH       BUY  NEW                106.91       1
1609722900195019172 	 7374421476721614673	SCH       BUY  NEW                106.88       1
1609722900211314540 	 7374421476721614678	SCH       BUY  NEW                106.83       1
1609722900211348739 	 7374421476721614679	SCH       SELL NEW                107.15       1
1609722900276213455 	 7374421476721614711	SCH       SELL NEW                107.27       1
1609722900276252193 	 7374421476721614712	SCH       BUY  NEW                106.67       1
1609722900309805569 	 7374421476721609157	SCH       SELL CANCEL             107.77       5
1609722900313336823 	 7374421476721609158	SCH       SELL CANCEL             107.87       4
1609722900364011751 	 7374421476721614612	SCH       SELL CANCEL             108.42       1
1609722900364011751 	 7374421476721614612	SCH       SELL NEW                108.98       1
1609722900364291930 	 7374421476721614760	SCH       BUY  NEW                106.89       2
1609722900365179340 	 7374421476721614762	SCH       SELL NEW                107.31       2
1609722900365957024 	 7374421476721614763	SCH       SELL NEW                107.49       2
1609722900366348196 	 7374421476721614764	SCH       SELL NEW                107.33       1
1609722900376536563 	 7374421476721614771	SCH       BUY  NEW                106.43       1
1609722900376585060 	 7374421476721614772	SCH       SELL NEW                107.51       1
1609722900397128215 	 7374421476721609435	SCH       BUY  CANCEL             106.13       4
1609722900407954796 	 7374421476721614659	SCH       BUY  TRADE              106.91       1
1609722900407954796 	 7374421476721614663	SCH       BUY  TRADE              106.91       1
1609722900408350523 	 7374421476721614786	SCH       BUY  NEW                106.89       1
1609722900410383341 	 7374421476721609159	SCH       SELL CANCEL             108.03       4
1609722900411226028 	 7374421476721614789	SCH       SELL NEW                 107.0       1
1609722900418188447 	 7374421476721614794	SCH       BUY  NEW                106.79       1
1609722900442799662 	 7374421476721609297	SCH       BUY  CANCEL             106.88       1
1609722900461690882 	 7374421476721614822	SCH       BUY  NEW                106.51       1
1609722900461721556 	 7374421476721614823	SCH       SELL NEW                107.47       1
1609722900462363083 	 7374421476721614642	SCH       SELL CANCEL             109.03       1
1609722900464835755 	 7374421476721614827	SCH       SELL NEW                107.01       1
1609722900510431365 	 7374421476721609160	SCH       SELL CANCEL             108.14       4
1609722900530382940 	 7374421476721614856	SCH       SELL NEW                107.87       1
1609722900530426779 	 7374421476721614857	SCH       BUY  NEW                106.07       1
1609722900556938509 	 7374421476721614870	SCH       SELL NEW                106.99       1
1609722900556980397 	 7374421476721614871	SCH       BUY  NEW                106.87       1
1609722900557259200 	 7374421476721614872	SCH       SELL NEW                106.99       1
1609722900566330172 	 7374421476721614876	SCH       BUY  NEW                106.89       1
1609722900566534383 	 7374421476721614877	SCH       BUY  NEW                106.82       1
1609722900578797218 	 7374421476721614879	SCH       SELL NEW                106.98       2
1609722900579062980 	 7374421476721614880	SCH       SELL NEW                106.97       1
1609722900581616999 	 7374421476721614883	SCH       SELL NEW                 107.0       1
1609722900581914882 	 7374421476721614884	SCH       SELL NEW                106.97       1
1609722900582879453 	 7374421476721609247	SCH       BUY  CANCEL             106.76       1
1609722900596453501 	 7374421476721614899	SCH       SELL NEW                 107.0       4
1609722900597466331 	 7374421476721609450	SCH       SELL CANCEL             107.37       4
1609722900610499674 	 7374421476721614903	SCH       SELL NEW                106.99       1
1609722900621052308 	 7374421476721614920	SCH       BUY  NEW                106.89       1
1609722900621260618 	 7374421476721614921	SCH       BUY  NEW                106.84       1
1609722900644357409 	 7374421476721614932	SCH       SELL NEW                 107.1       1
1609722900667967073 	 7374421476721614880	SCH       SELL TRADE              106.97       1
1609722900682890819 	 7374421476721614884	SCH       SELL TRADE              106.97       1
1609722900683166023 	 7374421476721614954	SCH       BUY  NEW                106.91       1
1609722900683278023 	 7374421476721614956	SCH       BUY  NEW                 106.9       1
1609722900683316953 	 7374421476721614957	SCH       SELL NEW                107.02       1
1609722900683342335 	 7374421476721614673	SCH       BUY  CANCEL             106.88       1
1609722900714376582 	 7374421476721614968	SCH       SELL NEW                107.79       1
1609722900714408389 	 7374421476721614969	SCH       BUY  NEW                106.19       1
1609722900719910183 	 7374421476721614975	SCH       SELL NEW                106.98       1
1609722900720073079 	 7374421476721614977	SCH       BUY  NEW                106.91       1
1609722900720442268 	 7374421476721614979	SCH       SELL NEW                106.97       1
1609722900742257264 	 7374421476721614879	SCH       SELL CANCEL             106.98       2
1609722900742530390 	 7374421476721614994	SCH       BUY  NEW                106.92       1
1609722900744528892 	 7374421476721614996	SCH       BUY  NEW                106.92       2
1609722900788906960 	 7374421476721614903	SCH       SELL CANCEL             106.99       1
1609722900790363746 	 7374421476721614979	SCH       SELL CANCEL             106.97       1
1609722900791076982 	 7374421476721609438	SCH       BUY  CANCEL             106.85       1
1609722900796196937 	 7374421476721615024	SCH       BUY  NEW                106.95       1
1609722900799563911 	 7374421476721615045	SCH       SELL NEW                107.11       1
1609722900799644786 	 7374421476721615046	SCH       BUY  NEW                106.87       1
1609722900799662815 	 7374421476721614678	SCH       BUY  CANCEL             106.83       1
